<?xml version="1.0" encoding="UTF-8"?>
<!-- Generated by org.testng.reporters.JUnitReportReporter -->
<testsuite skipped="0" hostname="Lenovo-PC" name="Testng.Sample" tests="1" failures="0" timestamp="01 Oct 2018 06:34:55 GMT" time="0.005" errors="0">
  <testcase name="xc" time="0.005" classname="Testng.Sample"/>
</testsuite> <!-- Testng.Sample -->
