<?xml version="1.0" encoding="UTF-8"?>
<!-- Generated by org.testng.reporters.JUnitReportReporter -->
<testsuite skipped="0" hostname="Lenovo-PC" name="Testng.Tiger" tests="1" failures="0" timestamp="01 Oct 2018 06:54:51 GMT" time="37.961" errors="0">
  <testcase name="login" time="37.961" classname="Testng.Tiger"/>
</testsuite> <!-- Testng.Tiger -->
